<?xml version="1.0" encoding="UTF-8"?>
<!-- Generated by org.testng.reporters.JUnitXMLReporter -->
<testsuite ignored="0" hostname="DESKTOP-BMAD9MV" failures="0" tests="3" name="Test" time="86.749" errors="0" timestamp="2026-06-25T09:10:19 IST">
  <testcase classname="Test_Cases.Register" name="RegisterTest" time="8.19"/>
  <testcase classname="Test_Cases.LoginTest" name="loginTest" time="7.507"/>
  <testcase classname="Test_Cases.end2EndTest" name="end2End" time="17.109"/>
</testsuite> <!-- Test -->
