<?xml version="1.0" encoding="UTF-8"?>
<testng-results ignored="0" total="1" passed="1" failed="0" skipped="0">
  <reporter-output>
  </reporter-output>
  <suite started-at="2026-06-27T10:34:00 IST" name="Default suite" finished-at="2026-06-27T10:34:23 IST" duration-ms="22672">
    <groups>
    </groups>
    <test started-at="2026-06-27T10:34:00 IST" name="Default test" finished-at="2026-06-27T10:34:23 IST" duration-ms="22672">
      <class name="Test_Cases.LoginTest2">
        <test-method is-config="true" signature="setup()[pri:0, instance:Test_Cases.LoginTest2@5542c4ed]" started-at="2026-06-27T10:34:00 IST" name="setup" finished-at="2026-06-27T10:34:14 IST" duration-ms="14150" status="PASS">
          <reporter-output>
          </reporter-output>
        </test-method> <!-- setup -->
        <test-method signature="loginTest()[pri:0, instance:Test_Cases.LoginTest2@5542c4ed]" started-at="2026-06-27T10:34:15 IST" name="loginTest" finished-at="2026-06-27T10:34:19 IST" duration-ms="4501" status="PASS">
          <reporter-output>
          </reporter-output>
        </test-method> <!-- loginTest -->
        <test-method is-config="true" signature="tearDown()[pri:0, instance:Test_Cases.LoginTest2@5542c4ed]" started-at="2026-06-27T10:34:19 IST" name="tearDown" finished-at="2026-06-27T10:34:23 IST" duration-ms="3662" status="PASS">
          <reporter-output>
          </reporter-output>
        </test-method> <!-- tearDown -->
      </class> <!-- Test_Cases.LoginTest2 -->
    </test> <!-- Default test -->
  </suite> <!-- Default suite -->
</testng-results>
