<?xml version="1.0" encoding="UTF-8"?>
<testng-results ignored="0" total="3" passed="3" failed="0" skipped="0">
  <reporter-output>
  </reporter-output>
  <suite started-at="2026-06-25T09:08:52 IST" name="Suite" finished-at="2026-06-25T09:10:19 IST" duration-ms="86749">
    <groups>
    </groups>
    <test started-at="2026-06-25T09:08:52 IST" name="Test" finished-at="2026-06-25T09:10:19 IST" duration-ms="86749">
      <class name="Test_Cases.LoginTest">
        <test-method is-config="true" signature="setup()[pri:0, instance:Test_Cases.LoginTest@3fc2959f]" started-at="2026-06-25T09:09:30 IST" name="setup" finished-at="2026-06-25T09:09:38 IST" duration-ms="8215" status="PASS">
          <reporter-output>
          </reporter-output>
        </test-method> <!-- setup -->
        <test-method signature="loginTest()[pri:0, instance:Test_Cases.LoginTest@3fc2959f]" started-at="2026-06-25T09:09:38 IST" name="loginTest" finished-at="2026-06-25T09:09:45 IST" duration-ms="7507" status="PASS">
          <reporter-output>
          </reporter-output>
        </test-method> <!-- loginTest -->
        <test-method is-config="true" signature="tearDown()[pri:0, instance:Test_Cases.LoginTest@3fc2959f]" started-at="2026-06-25T09:09:45 IST" name="tearDown" finished-at="2026-06-25T09:09:48 IST" duration-ms="2582" status="PASS">
          <reporter-output>
          </reporter-output>
        </test-method> <!-- tearDown -->
      </class> <!-- Test_Cases.LoginTest -->
      <class name="Test_Cases.Register">
        <test-method is-config="true" signature="setup()[pri:0, instance:Test_Cases.Register@7e6f74c]" started-at="2026-06-25T09:08:52 IST" name="setup" finished-at="2026-06-25T09:09:19 IST" duration-ms="27068" status="PASS">
          <reporter-output>
          </reporter-output>
        </test-method> <!-- setup -->
        <test-method signature="RegisterTest()[pri:0, instance:Test_Cases.Register@7e6f74c]" started-at="2026-06-25T09:09:20 IST" name="RegisterTest" finished-at="2026-06-25T09:09:28 IST" duration-ms="8190" status="PASS">
          <reporter-output>
          </reporter-output>
        </test-method> <!-- RegisterTest -->
        <test-method is-config="true" signature="tearDown()[pri:0, instance:Test_Cases.Register@7e6f74c]" started-at="2026-06-25T09:09:28 IST" name="tearDown" finished-at="2026-06-25T09:09:30 IST" duration-ms="1686" status="PASS">
          <reporter-output>
          </reporter-output>
        </test-method> <!-- tearDown -->
      </class> <!-- Test_Cases.Register -->
      <class name="Test_Cases.end2EndTest">
        <test-method is-config="true" signature="setup()[pri:0, instance:Test_Cases.end2EndTest@5aa9e4eb]" started-at="2026-06-25T09:09:48 IST" name="setup" finished-at="2026-06-25T09:10:01 IST" duration-ms="13359" status="PASS">
          <reporter-output>
          </reporter-output>
        </test-method> <!-- setup -->
        <test-method signature="end2End()[pri:0, instance:Test_Cases.end2EndTest@5aa9e4eb]" started-at="2026-06-25T09:10:01 IST" name="end2End" finished-at="2026-06-25T09:10:18 IST" duration-ms="17109" status="PASS">
          <reporter-output>
          </reporter-output>
        </test-method> <!-- end2End -->
        <test-method is-config="true" signature="tearDown()[pri:0, instance:Test_Cases.end2EndTest@5aa9e4eb]" started-at="2026-06-25T09:10:18 IST" name="tearDown" finished-at="2026-06-25T09:10:19 IST" duration-ms="662" status="PASS">
          <reporter-output>
          </reporter-output>
        </test-method> <!-- tearDown -->
      </class> <!-- Test_Cases.end2EndTest -->
    </test> <!-- Test -->
  </suite> <!-- Suite -->
</testng-results>
